app/build/intermediates/manifest_merge_blame_file/release/manifest-merger-blame-release-report.txt
1<?xml version="1.0" encoding="utf-8"?>
2<manifest xmlns:android="http://schemas.android.com/apk/res/android"
3    package="com.qif.id.paragraph"
4    android:versionCode="3"
5    android:versionName="1.2" >
6
7    <uses-sdk
8        android:minSdkVersion="16"
8-->src/main/AndroidManifest.xml
9        android:targetSdkVersion="29" />
9-->src/main/AndroidManifest.xml
10
11    <uses-feature
11-->src/main/AndroidManifest.xml:34:5-36:35
12        android:glEsVersion="0x00020000"
12-->src/main/AndroidManifest.xml:35:9-41
13        android:required="true" />
13-->src/main/AndroidManifest.xml:36:9-32
14
15    <uses-permission android:name="android.permission.ACCESS_WIFI_STATE" />
15-->src/main/AndroidManifest.xml:37:5-76
15-->src/main/AndroidManifest.xml:37:22-73
16    <uses-permission android:name="android.permission.INTERNET" />
16-->src/main/AndroidManifest.xml:38:5-67
16-->src/main/AndroidManifest.xml:38:22-64
17    <uses-permission android:name="android.permission.ACCESS_NETWORK_STATE" />
17-->src/main/AndroidManifest.xml:40:5-79
17-->src/main/AndroidManifest.xml:40:22-76
18
19    <!-- Required by older versions of Google Play services to create GCM registration tokens -->
20    <uses-permission android:name="com.google.android.c2dm.permission.RECEIVE" />
20-->[com.google.android.gms:play-services-gcm:16.0.0] AndroidManifest.xml:23:5-82
20-->[com.google.android.gms:play-services-gcm:16.0.0] AndroidManifest.xml:23:22-79
21
22    <application
22-->src/main/AndroidManifest.xml:5:5-32:19
23        android:allowBackup="true"
23-->src/main/AndroidManifest.xml:6:9-35
24        android:appComponentFactory="androidx.core.app.CoreComponentFactory"
24-->[androidx.core:core:1.1.0] AndroidManifest.xml:24:18-86
25        android:icon="@drawable/ic_virus_red"
25-->src/main/AndroidManifest.xml:7:9-46
26        android:label="@string/app_name"
26-->src/main/AndroidManifest.xml:8:9-41
27        android:networkSecurityConfig="@xml/network_security_config"
27-->src/main/AndroidManifest.xml:9:9-69
28        android:roundIcon="@mipmap/ic_launcher_round"
28-->src/main/AndroidManifest.xml:10:9-54
29        android:supportsRtl="true"
29-->src/main/AndroidManifest.xml:11:9-35
30        android:theme="@style/AppTheme" >
30-->src/main/AndroidManifest.xml:12:9-40
31        <activity android:name="com.qif.id.paragraph.HoaxBuster" />
31-->src/main/AndroidManifest.xml:13:9-77
31-->src/main/AndroidManifest.xml:13:19-65
32        <activity android:name="com.qif.id.paragraph.Notif" />
32-->src/main/AndroidManifest.xml:14:9-63
32-->src/main/AndroidManifest.xml:14:19-60
33        <activity android:name="com.qif.id.paragraph.TanyaJawab" />
33-->src/main/AndroidManifest.xml:15:9-68
33-->src/main/AndroidManifest.xml:15:19-65
34        <activity android:name="com.qif.id.paragraph.ProvinsiDetail" />
34-->src/main/AndroidManifest.xml:16:9-72
34-->src/main/AndroidManifest.xml:16:19-69
35        <activity android:name="com.qif.id.paragraph.DetailNegaraLain" />
35-->src/main/AndroidManifest.xml:17:9-74
35-->src/main/AndroidManifest.xml:17:19-71
36        <activity android:name="com.qif.id.paragraph.MainActivity" >
36-->src/main/AndroidManifest.xml:18:9-24:20
36-->src/main/AndroidManifest.xml:18:19-67
37            <intent-filter>
37-->src/main/AndroidManifest.xml:19:13-23:29
38                <action android:name="android.intent.action.MAIN" />
38-->src/main/AndroidManifest.xml:20:17-69
38-->src/main/AndroidManifest.xml:20:25-66
39
40                <category android:name="android.intent.category.LAUNCHER" />
40-->src/main/AndroidManifest.xml:22:17-77
40-->src/main/AndroidManifest.xml:22:27-74
41            </intent-filter>
42        </activity>
43
44        <meta-data
44-->src/main/AndroidManifest.xml:26:9-28:71
45            android:name="com.google.android.geo.API_KEY"
45-->src/main/AndroidManifest.xml:27:13-58
46            android:value="AIzaSyC5s7fmZrZ8rSjIdTBkO4gX3TliB5uXeps" />
46-->src/main/AndroidManifest.xml:28:13-68
47        <meta-data
47-->src/main/AndroidManifest.xml:29:9-31:69
48            android:name="com.google.android.gms.version"
48-->src/main/AndroidManifest.xml:30:13-58
49            android:value="@integer/google_play_services_version" />
49-->src/main/AndroidManifest.xml:31:13-66
50        <!-- Needs to be explicitly declared on P+ -->
51        <uses-library
51-->[com.google.android.gms:play-services-maps:16.1.0] AndroidManifest.xml:33:9-35:40
52            android:name="org.apache.http.legacy"
52-->[com.google.android.gms:play-services-maps:16.1.0] AndroidManifest.xml:34:13-50
53            android:required="false" />
53-->[com.google.android.gms:play-services-maps:16.1.0] AndroidManifest.xml:35:13-37
54
55        <activity
55-->[com.google.android.gms:play-services-auth:16.0.1] AndroidManifest.xml:23:9-27:75
56            android:name="com.google.android.gms.auth.api.signin.internal.SignInHubActivity"
56-->[com.google.android.gms:play-services-auth:16.0.1] AndroidManifest.xml:24:13-93
57            android:excludeFromRecents="true"
57-->[com.google.android.gms:play-services-auth:16.0.1] AndroidManifest.xml:25:13-46
58            android:exported="false"
58-->[com.google.android.gms:play-services-auth:16.0.1] AndroidManifest.xml:26:13-37
59            android:theme="@android:style/Theme.Translucent.NoTitleBar" />
59-->[com.google.android.gms:play-services-auth:16.0.1] AndroidManifest.xml:27:13-72
60        <!--
61            Service handling Google Sign-In user revocation. For apps that do not integrate with
62            Google Sign-In, this service will never be started.
63        -->
64        <service
64-->[com.google.android.gms:play-services-auth:16.0.1] AndroidManifest.xml:33:9-36:110
65            android:name="com.google.android.gms.auth.api.signin.RevocationBoundService"
65-->[com.google.android.gms:play-services-auth:16.0.1] AndroidManifest.xml:34:13-89
66            android:exported="true"
66-->[com.google.android.gms:play-services-auth:16.0.1] AndroidManifest.xml:35:13-36
67            android:permission="com.google.android.gms.auth.api.signin.permission.REVOCATION_NOTIFICATION" />
67-->[com.google.android.gms:play-services-auth:16.0.1] AndroidManifest.xml:36:13-107
68
69        <activity
69-->[com.google.android.gms:play-services-base:16.0.1] AndroidManifest.xml:23:9-26:75
70            android:name="com.google.android.gms.common.api.GoogleApiActivity"
70-->[com.google.android.gms:play-services-base:16.0.1] AndroidManifest.xml:24:13-79
71            android:exported="false"
71-->[com.google.android.gms:play-services-base:16.0.1] AndroidManifest.xml:25:13-37
72            android:theme="@android:style/Theme.Translucent.NoTitleBar" />
72-->[com.google.android.gms:play-services-base:16.0.1] AndroidManifest.xml:26:13-72
73    </application>
74
75</manifest>